<?xml version="1.0" encoding="UTF-8"?>
<!-- Generated by org.testng.reporters.JUnitXMLReporter -->
<testsuite ignored="0" hostname="Raju" failures="1" tests="4" name="Test" time="40.782" errors="0" timestamp="2025-08-29T05:48:59 IST">
  <testcase classname="testCases.TC003_LoginDDT" name="verify_loginDDT" time="5.618"/>
  <testcase classname="testCases.TC003_LoginDDT" name="verify_loginDDT" time="10.159">
    <failure type="java.lang.AssertionError" message="null">
      <![CDATA[java.lang.AssertionError: null
at testCases.TC003_LoginDDT.verify_loginDDT(TC003_LoginDDT.java:69)
at java.base/java.util.ArrayList.forEach(ArrayList.java:1604)
... Removed 27 stack frames]]>
    </failure>
  </testcase> <!-- verify_loginDDT -->
  <testcase classname="testCases.TC003_LoginDDT" name="verify_loginDDT" time="15.052"/>
  <testcase classname="testCases.TC003_LoginDDT" name="verify_loginDDT" time="5.276"/>
</testsuite> <!-- Test -->
