<?xml version="1.0" encoding="UTF-8"?>
<testng-results ignored="0" total="3" passed="3" failed="0" skipped="0">
  <reporter-output>
  </reporter-output>
  <suite started-at="2025-08-28T09:14:23 IST" name="Suite" finished-at="2025-08-28T09:14:40 IST" duration-ms="16990">
    <groups>
    </groups>
    <test started-at="2025-08-28T09:14:23 IST" name="chrome" finished-at="2025-08-28T09:14:39 IST" duration-ms="15114">
      <class name="testCases.TC001_AccountRegistrationTest">
        <test-method is-config="true" signature="setup(java.lang.String,java.lang.String)[pri:0, instance:testCases.TC001_AccountRegistrationTest@368f2016]" started-at="2025-08-28T09:14:23 IST" name="setup" finished-at="2025-08-28T09:14:30 IST" duration-ms="6422" status="PASS">
          <params>
            <param index="0">
              <value>
                <![CDATA[Windows]]>
              </value>
            </param>
            <param index="1">
              <value>
                <![CDATA[chrome]]>
              </value>
            </param>
          </params>
          <reporter-output>
          </reporter-output>
        </test-method> <!-- setup -->
        <test-method signature="verify_account_registration()[pri:0, instance:testCases.TC001_AccountRegistrationTest@368f2016]" started-at="2025-08-28T09:14:30 IST" name="verify_account_registration" finished-at="2025-08-28T09:14:38 IST" duration-ms="8334" status="PASS">
          <reporter-output>
          </reporter-output>
        </test-method> <!-- verify_account_registration -->
        <test-method is-config="true" signature="tearDown()[pri:0, instance:testCases.TC001_AccountRegistrationTest@368f2016]" started-at="2025-08-28T09:14:38 IST" name="tearDown" finished-at="2025-08-28T09:14:39 IST" duration-ms="282" status="PASS">
          <reporter-output>
          </reporter-output>
        </test-method> <!-- tearDown -->
      </class> <!-- testCases.TC001_AccountRegistrationTest -->
    </test> <!-- chrome -->
    <test started-at="2025-08-28T09:14:23 IST" name="edge" finished-at="2025-08-28T09:14:39 IST" duration-ms="15233">
      <class name="testCases.TC001_AccountRegistrationTest">
        <test-method is-config="true" signature="setup(java.lang.String,java.lang.String)[pri:0, instance:testCases.TC001_AccountRegistrationTest@692f203f]" started-at="2025-08-28T09:14:23 IST" name="setup" finished-at="2025-08-28T09:14:29 IST" duration-ms="5434" status="PASS">
          <params>
            <param index="0">
              <value>
                <![CDATA[Windows]]>
              </value>
            </param>
            <param index="1">
              <value>
                <![CDATA[edge]]>
              </value>
            </param>
          </params>
          <reporter-output>
          </reporter-output>
        </test-method> <!-- setup -->
        <test-method signature="verify_account_registration()[pri:0, instance:testCases.TC001_AccountRegistrationTest@692f203f]" started-at="2025-08-28T09:14:29 IST" name="verify_account_registration" finished-at="2025-08-28T09:14:38 IST" duration-ms="9386" status="PASS">
          <reporter-output>
          </reporter-output>
        </test-method> <!-- verify_account_registration -->
        <test-method is-config="true" signature="tearDown()[pri:0, instance:testCases.TC001_AccountRegistrationTest@692f203f]" started-at="2025-08-28T09:14:38 IST" name="tearDown" finished-at="2025-08-28T09:14:39 IST" duration-ms="279" status="PASS">
          <reporter-output>
          </reporter-output>
        </test-method> <!-- tearDown -->
      </class> <!-- testCases.TC001_AccountRegistrationTest -->
    </test> <!-- edge -->
    <test started-at="2025-08-28T09:14:23 IST" name="firefox" finished-at="2025-08-28T09:14:40 IST" duration-ms="16990">
      <class name="testCases.TC001_AccountRegistrationTest">
        <test-method is-config="true" signature="setup(java.lang.String,java.lang.String)[pri:0, instance:testCases.TC001_AccountRegistrationTest@8f4ea7c]" started-at="2025-08-28T09:14:23 IST" name="setup" finished-at="2025-08-28T09:14:34 IST" duration-ms="10931" status="PASS">
          <params>
            <param index="0">
              <value>
                <![CDATA[Windows]]>
              </value>
            </param>
            <param index="1">
              <value>
                <![CDATA[firefox]]>
              </value>
            </param>
          </params>
          <reporter-output>
          </reporter-output>
        </test-method> <!-- setup -->
        <test-method signature="verify_account_registration()[pri:0, instance:testCases.TC001_AccountRegistrationTest@8f4ea7c]" started-at="2025-08-28T09:14:34 IST" name="verify_account_registration" finished-at="2025-08-28T09:14:39 IST" duration-ms="4868" status="PASS">
          <reporter-output>
          </reporter-output>
        </test-method> <!-- verify_account_registration -->
        <test-method is-config="true" signature="tearDown()[pri:0, instance:testCases.TC001_AccountRegistrationTest@8f4ea7c]" started-at="2025-08-28T09:14:39 IST" name="tearDown" finished-at="2025-08-28T09:14:40 IST" duration-ms="1144" status="PASS">
          <reporter-output>
          </reporter-output>
        </test-method> <!-- tearDown -->
      </class> <!-- testCases.TC001_AccountRegistrationTest -->
    </test> <!-- firefox -->
  </suite> <!-- Suite -->
</testng-results>
